<?xml version="1.0" encoding="UTF-8"?>
<!-- Generated by org.testng.reporters.JUnitReportReporter -->
<testsuite skipped="0" hostname="LMKOL-LP-0085" name="com.test.dbconnection.DBConnection" tests="1" failures="0" timestamp="11 Nov 2019 16:55:47 GMT" time="3.035" errors="0">
  <testcase name="testDB" time="3.035" classname="com.test.dbconnection.DBConnection"/>
</testsuite> <!-- com.test.dbconnection.DBConnection -->
