<?xml version="1.0" encoding="UTF-8"?>
<!-- Generated by org.testng.reporters.JUnitReportReporter -->
<testsuite skipped="0" hostname="LMKOL-LP-0085" name="com.test.dbconnection.DBConnection1" tests="1" failures="0" timestamp="12 Nov 2019 11:11:19 GMT" time="70.091" errors="0">
  <testcase name="testDB" time="70.091" classname="com.test.dbconnection.DBConnection1"/>
</testsuite> <!-- com.test.dbconnection.DBConnection1 -->
