<?xml version="1.0" encoding="UTF-8"?>
<!-- Generated by org.testng.reporters.JUnitReportReporter -->
<testsuite skipped="0" hostname="LMKOL-LP-0085" name="com.test.dbconnection.Demo" tests="1" failures="0" timestamp="12 Nov 2019 10:04:09 GMT" time="257.866" errors="0">
  <testcase name="testDB" time="257.866" classname="com.test.dbconnection.Demo"/>
</testsuite> <!-- com.test.dbconnection.Demo -->
